This file contains any messages produced by compilers while
running configure, to aid debugging if configure makes a mistake.

It was created by tic_tac_toe configure 1.0, which was
generated by GNU Autoconf 2.69.  Invocation command line was

  $ ./configure --prefix /home/shimosh/Desktop/project/final_project/project/

## --------- ##
## Platform. ##
## --------- ##

hostname = ubuntu
uname -m = x86_64
uname -r = 4.4.0-78-generic
uname -s = Linux
uname -v = #99-Ubuntu SMP Thu Apr 27 15:29:09 UTC 2017

/usr/bin/uname -p = unknown
/bin/uname -X     = unknown

/bin/arch              = unknown
/usr/bin/arch -k       = unknown
/usr/convex/getsysinfo = unknown
/usr/bin/hostinfo      = unknown
/bin/machine           = unknown
/usr/bin/oslevel       = unknown
/bin/universe          = unknown

PATH: /home/shimosh/bin
PATH: /home/shimosh/.local/bin
PATH: /usr/local/sbin
PATH: /usr/local/bin
PATH: /usr/sbin
PATH: /usr/bin
PATH: /sbin
PATH: /bin
PATH: /usr/games
PATH: /usr/local/games
PATH: /snap/bin


## ----------- ##
## Core tests. ##
## ----------- ##

configure:2405: checking for a BSD-compatible install
configure:2473: result: /usr/bin/install -c
configure:2484: checking whether build environment is sane
configure:2539: result: yes
configure:2690: checking for a thread-safe mkdir -p
configure:2729: result: /bin/mkdir -p
configure:2736: checking for gawk
configure:2766: result: no
configure:2736: checking for mawk
configure:2752: found /usr/bin/mawk
configure:2763: result: mawk
configure:2774: checking whether make sets $(MAKE)
configure:2796: result: yes
configure:2825: checking whether make supports nested variables
configure:2842: result: yes
configure:3031: checking for g++
configure:3047: found /usr/bin/g++
configure:3058: result: g++
configure:3085: checking for C++ compiler version
configure:3094: g++ --version >&5
g++ (Ubuntu 5.4.0-6ubuntu1~16.04.4) 5.4.0 20160609
Copyright (C) 2015 Free Software Foundation, Inc.
This is free software; see the source for copying conditions.  There is NO
warranty; not even for MERCHANTABILITY or FITNESS FOR A PARTICULAR PURPOSE.

configure:3105: $? = 0
configure:3094: g++ -v >&5
Using built-in specs.
COLLECT_GCC=g++
COLLECT_LTO_WRAPPER=/usr/lib/gcc/x86_64-linux-gnu/5/lto-wrapper
Target: x86_64-linux-gnu
Configured with: ../src/configure -v --with-pkgversion='Ubuntu 5.4.0-6ubuntu1~16.04.4' --with-bugurl=file:///usr/share/doc/gcc-5/README.Bugs --enable-languages=c,ada,c++,java,go,d,fortran,objc,obj-c++ --prefix=/usr --program-suffix=-5 --enable-shared --enable-linker-build-id --libexecdir=/usr/lib --without-included-gettext --enable-threads=posix --libdir=/usr/lib --enable-nls --with-sysroot=/ --enable-clocale=gnu --enable-libstdcxx-debug --enable-libstdcxx-time=yes --with-default-libstdcxx-abi=new --enable-gnu-unique-object --disable-vtable-verify --enable-libmpx --enable-plugin --with-system-zlib --disable-browser-plugin --enable-java-awt=gtk --enable-gtk-cairo --with-java-home=/usr/lib/jvm/java-1.5.0-gcj-5-amd64/jre --enable-java-home --with-jvm-root-dir=/usr/lib/jvm/java-1.5.0-gcj-5-amd64 --with-jvm-jar-dir=/usr/lib/jvm-exports/java-1.5.0-gcj-5-amd64 --with-arch-directory=amd64 --with-ecj-jar=/usr/share/java/eclipse-ecj.jar --enable-objc-gc --enable-multiarch --disable-werror --with-arch-32=i686 --with-abi=m64 --with-multilib-list=m32,m64,mx32 --enable-multilib --with-tune=generic --enable-checking=release --build=x86_64-linux-gnu --host=x86_64-linux-gnu --target=x86_64-linux-gnu
Thread model: posix
gcc version 5.4.0 20160609 (Ubuntu 5.4.0-6ubuntu1~16.04.4) 
configure:3105: $? = 0
configure:3094: g++ -V >&5
g++: error: unrecognized command line option '-V'
g++: fatal error: no input files
compilation terminated.
configure:3105: $? = 1
configure:3094: g++ -qversion >&5
g++: error: unrecognized command line option '-qversion'
g++: fatal error: no input files
compilation terminated.
configure:3105: $? = 1
configure:3125: checking whether the C++ compiler works
configure:3147: g++    conftest.cpp  >&5
configure:3151: $? = 0
configure:3199: result: yes
configure:3202: checking for C++ compiler default output file name
configure:3204: result: a.out
configure:3210: checking for suffix of executables
configure:3217: g++ -o conftest    conftest.cpp  >&5
configure:3221: $? = 0
configure:3243: result: 
configure:3265: checking whether we are cross compiling
configure:3273: g++ -o conftest    conftest.cpp  >&5
configure:3277: $? = 0
configure:3284: ./conftest
configure:3288: $? = 0
configure:3303: result: no
configure:3308: checking for suffix of object files
configure:3330: g++ -c   conftest.cpp >&5
configure:3334: $? = 0
configure:3355: result: o
configure:3359: checking whether we are using the GNU C++ compiler
configure:3378: g++ -c   conftest.cpp >&5
configure:3378: $? = 0
configure:3387: result: yes
configure:3396: checking whether g++ accepts -g
configure:3416: g++ -c -g  conftest.cpp >&5
configure:3416: $? = 0
configure:3457: result: yes
configure:3491: checking for style of include used by make
configure:3519: result: GNU
configure:3545: checking dependency style of g++
configure:3656: result: gcc3
configure:3719: checking for gcc
configure:3735: found /usr/bin/gcc
configure:3746: result: gcc
configure:3975: checking for C compiler version
configure:3984: gcc --version >&5
gcc (Ubuntu 5.4.0-6ubuntu1~16.04.4) 5.4.0 20160609
Copyright (C) 2015 Free Software Foundation, Inc.
This is free software; see the source for copying conditions.  There is NO
warranty; not even for MERCHANTABILITY or FITNESS FOR A PARTICULAR PURPOSE.

configure:3995: $? = 0
configure:3984: gcc -v >&5
Using built-in specs.
COLLECT_GCC=gcc
COLLECT_LTO_WRAPPER=/usr/lib/gcc/x86_64-linux-gnu/5/lto-wrapper
Target: x86_64-linux-gnu
Configured with: ../src/configure -v --with-pkgversion='Ubuntu 5.4.0-6ubuntu1~16.04.4' --with-bugurl=file:///usr/share/doc/gcc-5/README.Bugs --enable-languages=c,ada,c++,java,go,d,fortran,objc,obj-c++ --prefix=/usr --program-suffix=-5 --enable-shared --enable-linker-build-id --libexecdir=/usr/lib --without-included-gettext --enable-threads=posix --libdir=/usr/lib --enable-nls --with-sysroot=/ --enable-clocale=gnu --enable-libstdcxx-debug --enable-libstdcxx-time=yes --with-default-libstdcxx-abi=new --enable-gnu-unique-object --disable-vtable-verify --enable-libmpx --enable-plugin --with-system-zlib --disable-browser-plugin --enable-java-awt=gtk --enable-gtk-cairo --with-java-home=/usr/lib/jvm/java-1.5.0-gcj-5-amd64/jre --enable-java-home --with-jvm-root-dir=/usr/lib/jvm/java-1.5.0-gcj-5-amd64 --with-jvm-jar-dir=/usr/lib/jvm-exports/java-1.5.0-gcj-5-amd64 --with-arch-directory=amd64 --with-ecj-jar=/usr/share/java/eclipse-ecj.jar --enable-objc-gc --enable-multiarch --disable-werror --with-arch-32=i686 --with-abi=m64 --with-multilib-list=m32,m64,mx32 --enable-multilib --with-tune=generic --enable-checking=release --build=x86_64-linux-gnu --host=x86_64-linux-gnu --target=x86_64-linux-gnu
Thread model: posix
gcc version 5.4.0 20160609 (Ubuntu 5.4.0-6ubuntu1~16.04.4) 
configure:3995: $? = 0
configure:3984: gcc -V >&5
gcc: error: unrecognized command line option '-V'
gcc: fatal error: no input files
compilation terminated.
configure:3995: $? = 1
configure:3984: gcc -qversion >&5
gcc: error: unrecognized command line option '-qversion'
gcc: fatal error: no input files
compilation terminated.
configure:3995: $? = 1
configure:3999: checking whether we are using the GNU C compiler
configure:4018: gcc -c   conftest.c >&5
configure:4018: $? = 0
configure:4027: result: yes
configure:4036: checking whether gcc accepts -g
configure:4056: gcc -c -g  conftest.c >&5
configure:4056: $? = 0
configure:4097: result: yes
configure:4114: checking for gcc option to accept ISO C89
configure:4177: gcc  -c -g -O2  conftest.c >&5
configure:4177: $? = 0
configure:4190: result: none needed
configure:4215: checking whether gcc understands -c and -o together
configure:4237: gcc -c conftest.c -o conftest2.o
configure:4240: $? = 0
configure:4237: gcc -c conftest.c -o conftest2.o
configure:4240: $? = 0
configure:4252: result: yes
configure:4271: checking dependency style of gcc
configure:4382: result: gcc3
configure:4447: checking for ar
configure:4463: found /usr/bin/ar
configure:4474: result: ar
configure:4500: checking the archiver (ar) interface
configure:4516: gcc -c -g -O2  conftest.c >&5
configure:4516: $? = 0
configure:4518: ar cru libconftest.a conftest.o >&5
ar: `u' modifier ignored since `D' is the default (see `U')
configure:4521: $? = 0
configure:4549: result: ar
configure:4573: checking for gawk
configure:4600: result: mawk
configure:4659: checking for gcc
configure:4686: result: gcc
configure:4915: checking for C compiler version
configure:4924: gcc --version >&5
gcc (Ubuntu 5.4.0-6ubuntu1~16.04.4) 5.4.0 20160609
Copyright (C) 2015 Free Software Foundation, Inc.
This is free software; see the source for copying conditions.  There is NO
warranty; not even for MERCHANTABILITY or FITNESS FOR A PARTICULAR PURPOSE.

configure:4935: $? = 0
configure:4924: gcc -v >&5
Using built-in specs.
COLLECT_GCC=gcc
COLLECT_LTO_WRAPPER=/usr/lib/gcc/x86_64-linux-gnu/5/lto-wrapper
Target: x86_64-linux-gnu
Configured with: ../src/configure -v --with-pkgversion='Ubuntu 5.4.0-6ubuntu1~16.04.4' --with-bugurl=file:///usr/share/doc/gcc-5/README.Bugs --enable-languages=c,ada,c++,java,go,d,fortran,objc,obj-c++ --prefix=/usr --program-suffix=-5 --enable-shared --enable-linker-build-id --libexecdir=/usr/lib --without-included-gettext --enable-threads=posix --libdir=/usr/lib --enable-nls --with-sysroot=/ --enable-clocale=gnu --enable-libstdcxx-debug --enable-libstdcxx-time=yes --with-default-libstdcxx-abi=new --enable-gnu-unique-object --disable-vtable-verify --enable-libmpx --enable-plugin --with-system-zlib --disable-browser-plugin --enable-java-awt=gtk --enable-gtk-cairo --with-java-home=/usr/lib/jvm/java-1.5.0-gcj-5-amd64/jre --enable-java-home --with-jvm-root-dir=/usr/lib/jvm/java-1.5.0-gcj-5-amd64 --with-jvm-jar-dir=/usr/lib/jvm-exports/java-1.5.0-gcj-5-amd64 --with-arch-directory=amd64 --with-ecj-jar=/usr/share/java/eclipse-ecj.jar --enable-objc-gc --enable-multiarch --disable-werror --with-arch-32=i686 --with-abi=m64 --with-multilib-list=m32,m64,mx32 --enable-multilib --with-tune=generic --enable-checking=release --build=x86_64-linux-gnu --host=x86_64-linux-gnu --target=x86_64-linux-gnu
Thread model: posix
gcc version 5.4.0 20160609 (Ubuntu 5.4.0-6ubuntu1~16.04.4) 
configure:4935: $? = 0
configure:4924: gcc -V >&5
gcc: error: unrecognized command line option '-V'
gcc: fatal error: no input files
compilation terminated.
configure:4935: $? = 1
configure:4924: gcc -qversion >&5
gcc: error: unrecognized command line option '-qversion'
gcc: fatal error: no input files
compilation terminated.
configure:4935: $? = 1
configure:4939: checking whether we are using the GNU C compiler
configure:4967: result: yes
configure:4976: checking whether gcc accepts -g
configure:5037: result: yes
configure:5054: checking for gcc option to accept ISO C89
configure:5130: result: none needed
configure:5155: checking whether gcc understands -c and -o together
configure:5192: result: yes
configure:5211: checking dependency style of gcc
configure:5322: result: gcc3
configure:5342: checking how to run the C preprocessor
configure:5373: gcc -E  conftest.c
configure:5373: $? = 0
configure:5387: gcc -E  conftest.c
conftest.c:11:28: fatal error: ac_nonexistent.h: No such file or directory
compilation terminated.
configure:5387: $? = 1
configure: failed program was:
| /* confdefs.h */
| #define PACKAGE_NAME "tic_tac_toe"
| #define PACKAGE_TARNAME "tic_tac_toe"
| #define PACKAGE_VERSION "1.0"
| #define PACKAGE_STRING "tic_tac_toe 1.0"
| #define PACKAGE_BUGREPORT "timorsa@ac.sce.ac.il"
| #define PACKAGE_URL ""
| #define PACKAGE "tic_tac_toe"
| #define VERSION "1.0"
| /* end confdefs.h.  */
| #include <ac_nonexistent.h>
configure:5412: result: gcc -E
configure:5432: gcc -E  conftest.c
configure:5432: $? = 0
configure:5446: gcc -E  conftest.c
conftest.c:11:28: fatal error: ac_nonexistent.h: No such file or directory
compilation terminated.
configure:5446: $? = 1
configure: failed program was:
| /* confdefs.h */
| #define PACKAGE_NAME "tic_tac_toe"
| #define PACKAGE_TARNAME "tic_tac_toe"
| #define PACKAGE_VERSION "1.0"
| #define PACKAGE_STRING "tic_tac_toe 1.0"
| #define PACKAGE_BUGREPORT "timorsa@ac.sce.ac.il"
| #define PACKAGE_URL ""
| #define PACKAGE "tic_tac_toe"
| #define VERSION "1.0"
| /* end confdefs.h.  */
| #include <ac_nonexistent.h>
configure:5475: checking whether ln -s works
configure:5479: result: yes
configure:5486: checking whether make sets $(MAKE)
configure:5508: result: yes
configure:5546: checking build system type
configure:5560: result: x86_64-pc-linux-gnu
configure:5580: checking host system type
configure:5593: result: x86_64-pc-linux-gnu
configure:5634: checking how to print strings
configure:5661: result: printf
configure:5682: checking for a sed that does not truncate output
configure:5746: result: /bin/sed
configure:5764: checking for grep that handles long lines and -e
configure:5822: result: /bin/grep
configure:5827: checking for egrep
configure:5889: result: /bin/grep -E
configure:5894: checking for fgrep
configure:5956: result: /bin/grep -F
configure:5991: checking for ld used by gcc
configure:6058: result: /usr/bin/ld
configure:6065: checking if the linker (/usr/bin/ld) is GNU ld
configure:6080: result: yes
configure:6092: checking for BSD- or MS-compatible name lister (nm)
configure:6146: result: /usr/bin/nm -B
configure:6276: checking the name lister (/usr/bin/nm -B) interface
configure:6283: gcc -c -g -O2  conftest.c >&5
configure:6286: /usr/bin/nm -B "conftest.o"
configure:6289: output
0000000000000000 B some_variable
configure:6296: result: BSD nm
configure:6300: checking the maximum length of command line arguments
configure:6431: result: 1572864
configure:6479: checking how to convert x86_64-pc-linux-gnu file names to x86_64-pc-linux-gnu format
configure:6519: result: func_convert_file_noop
configure:6526: checking how to convert x86_64-pc-linux-gnu file names to toolchain format
configure:6546: result: func_convert_file_noop
configure:6553: checking for /usr/bin/ld option to reload object files
configure:6560: result: -r
configure:6634: checking for objdump
configure:6650: found /usr/bin/objdump
configure:6661: result: objdump
configure:6693: checking how to recognize dependent libraries
configure:6893: result: pass_all
configure:6978: checking for dlltool
configure:7008: result: no
configure:7038: checking how to associate runtime and link libraries
configure:7065: result: printf %s\n
configure:7189: checking for archiver @FILE support
configure:7206: gcc -c -g -O2  conftest.c >&5
configure:7206: $? = 0
configure:7209: ar cru libconftest.a @conftest.lst >&5
ar: `u' modifier ignored since `D' is the default (see `U')
configure:7212: $? = 0
configure:7217: ar cru libconftest.a @conftest.lst >&5
ar: `u' modifier ignored since `D' is the default (see `U')
ar: conftest.o: No such file or directory
configure:7220: $? = 1
configure:7232: result: @
configure:7290: checking for strip
configure:7306: found /usr/bin/strip
configure:7317: result: strip
configure:7389: checking for ranlib
configure:7405: found /usr/bin/ranlib
configure:7416: result: ranlib
configure:7518: checking command to parse /usr/bin/nm -B output from gcc object
configure:7671: gcc -c -g -O2  conftest.c >&5
configure:7674: $? = 0
configure:7678: /usr/bin/nm -B conftest.o \| sed -n -e 's/^.*[ ]\([ABCDGIRSTW][ABCDGIRSTW]*\)[ ][ ]*\([_A-Za-z][_A-Za-z0-9]*\)$/\1 \2 \2/p' | sed '/ __gnu_lto/d' \> conftest.nm
configure:7681: $? = 0
configure:7747: gcc -o conftest -g -O2   conftest.c conftstm.o >&5
configure:7750: $? = 0
configure:7788: result: ok
configure:7835: checking for sysroot
configure:7865: result: no
configure:7872: checking for a working dd
configure:7910: result: /bin/dd
configure:7914: checking how to truncate binary pipes
configure:7929: result: /bin/dd bs=4096 count=1
configure:8065: gcc -c -g -O2  conftest.c >&5
configure:8068: $? = 0
configure:8258: checking for mt
configure:8274: found /bin/mt
configure:8285: result: mt
configure:8308: checking if mt is a manifest tool
configure:8314: mt '-?'
configure:8322: result: no
configure:8995: checking for ANSI C header files
configure:9015: gcc -c -g -O2  conftest.c >&5
configure:9015: $? = 0
configure:9088: gcc -o conftest -g -O2   conftest.c  >&5
configure:9088: $? = 0
configure:9088: ./conftest
configure:9088: $? = 0
configure:9099: result: yes
configure:9112: checking for sys/types.h
configure:9112: gcc -c -g -O2  conftest.c >&5
configure:9112: $? = 0
configure:9112: result: yes
configure:9112: checking for sys/stat.h
configure:9112: gcc -c -g -O2  conftest.c >&5
configure:9112: $? = 0
configure:9112: result: yes
configure:9112: checking for stdlib.h
configure:9112: gcc -c -g -O2  conftest.c >&5
configure:9112: $? = 0
configure:9112: result: yes
configure:9112: checking for string.h
configure:9112: gcc -c -g -O2  conftest.c >&5
configure:9112: $? = 0
configure:9112: result: yes
configure:9112: checking for memory.h
configure:9112: gcc -c -g -O2  conftest.c >&5
configure:9112: $? = 0
configure:9112: result: yes
configure:9112: checking for strings.h
configure:9112: gcc -c -g -O2  conftest.c >&5
configure:9112: $? = 0
configure:9112: result: yes
configure:9112: checking for inttypes.h
configure:9112: gcc -c -g -O2  conftest.c >&5
configure:9112: $? = 0
configure:9112: result: yes
configure:9112: checking for stdint.h
configure:9112: gcc -c -g -O2  conftest.c >&5
configure:9112: $? = 0
configure:9112: result: yes
configure:9112: checking for unistd.h
configure:9112: gcc -c -g -O2  conftest.c >&5
configure:9112: $? = 0
configure:9112: result: yes
configure:9126: checking for dlfcn.h
configure:9126: gcc -c -g -O2  conftest.c >&5
configure:9126: $? = 0
configure:9126: result: yes
configure:9393: checking for objdir
configure:9408: result: .libs
configure:9672: checking if gcc supports -fno-rtti -fno-exceptions
configure:9690: gcc -c -g -O2  -fno-rtti -fno-exceptions conftest.c >&5
cc1: warning: command line option '-fno-rtti' is valid for C++/ObjC++ but not for C
configure:9694: $? = 0
configure:9707: result: no
configure:10065: checking for gcc option to produce PIC
configure:10072: result: -fPIC -DPIC
configure:10080: checking if gcc PIC flag -fPIC -DPIC works
configure:10098: gcc -c -g -O2  -fPIC -DPIC -DPIC conftest.c >&5
configure:10102: $? = 0
configure:10115: result: yes
configure:10144: checking if gcc static flag -static works
configure:10172: result: yes
configure:10187: checking if gcc supports -c -o file.o
configure:10208: gcc -c -g -O2  -o out/conftest2.o conftest.c >&5
configure:10212: $? = 0
configure:10234: result: yes
configure:10242: checking if gcc supports -c -o file.o
configure:10289: result: yes
configure:10322: checking whether the gcc linker (/usr/bin/ld -m elf_x86_64) supports shared libraries
configure:11585: result: yes
configure:11622: checking whether -lc should be explicitly linked in
configure:11630: gcc -c -g -O2  conftest.c >&5
configure:11633: $? = 0
configure:11648: gcc -shared  -fPIC -DPIC conftest.o  -v -Wl,-soname -Wl,conftest -o conftest 2\>\&1 \| /bin/grep  -lc  \>/dev/null 2\>\&1
configure:11651: $? = 0
configure:11665: result: no
configure:11825: checking dynamic linker characteristics
configure:12406: gcc -o conftest -g -O2   -Wl,-rpath -Wl,/foo conftest.c  >&5
configure:12406: $? = 0
configure:12655: result: GNU/Linux ld.so
configure:12777: checking how to hardcode library paths into programs
configure:12802: result: immediate
configure:13350: checking whether stripping libraries is possible
configure:13355: result: yes
configure:13390: checking if libtool supports shared libraries
configure:13392: result: yes
configure:13395: checking whether to build shared libraries
configure:13420: result: yes
configure:13423: checking whether to build static libraries
configure:13427: result: yes
configure:13450: checking how to run the C++ preprocessor
configure:13477: g++ -E  conftest.cpp
configure:13477: $? = 0
configure:13491: g++ -E  conftest.cpp
conftest.cpp:23:28: fatal error: ac_nonexistent.h: No such file or directory
compilation terminated.
configure:13491: $? = 1
configure: failed program was:
| /* confdefs.h */
| #define PACKAGE_NAME "tic_tac_toe"
| #define PACKAGE_TARNAME "tic_tac_toe"
| #define PACKAGE_VERSION "1.0"
| #define PACKAGE_STRING "tic_tac_toe 1.0"
| #define PACKAGE_BUGREPORT "timorsa@ac.sce.ac.il"
| #define PACKAGE_URL ""
| #define PACKAGE "tic_tac_toe"
| #define VERSION "1.0"
| #define STDC_HEADERS 1
| #define HAVE_SYS_TYPES_H 1
| #define HAVE_SYS_STAT_H 1
| #define HAVE_STDLIB_H 1
| #define HAVE_STRING_H 1
| #define HAVE_MEMORY_H 1
| #define HAVE_STRINGS_H 1
| #define HAVE_INTTYPES_H 1
| #define HAVE_STDINT_H 1
| #define HAVE_UNISTD_H 1
| #define HAVE_DLFCN_H 1
| #define LT_OBJDIR ".libs/"
| /* end confdefs.h.  */
| #include <ac_nonexistent.h>
configure:13516: result: g++ -E
configure:13536: g++ -E  conftest.cpp
configure:13536: $? = 0
configure:13550: g++ -E  conftest.cpp
conftest.cpp:23:28: fatal error: ac_nonexistent.h: No such file or directory
compilation terminated.
configure:13550: $? = 1
configure: failed program was:
| /* confdefs.h */
| #define PACKAGE_NAME "tic_tac_toe"
| #define PACKAGE_TARNAME "tic_tac_toe"
| #define PACKAGE_VERSION "1.0"
| #define PACKAGE_STRING "tic_tac_toe 1.0"
| #define PACKAGE_BUGREPORT "timorsa@ac.sce.ac.il"
| #define PACKAGE_URL ""
| #define PACKAGE "tic_tac_toe"
| #define VERSION "1.0"
| #define STDC_HEADERS 1
| #define HAVE_SYS_TYPES_H 1
| #define HAVE_SYS_STAT_H 1
| #define HAVE_STDLIB_H 1
| #define HAVE_STRING_H 1
| #define HAVE_MEMORY_H 1
| #define HAVE_STRINGS_H 1
| #define HAVE_INTTYPES_H 1
| #define HAVE_STDINT_H 1
| #define HAVE_UNISTD_H 1
| #define HAVE_DLFCN_H 1
| #define LT_OBJDIR ".libs/"
| /* end confdefs.h.  */
| #include <ac_nonexistent.h>
configure:13712: checking for ld used by g++
configure:13779: result: /usr/bin/ld -m elf_x86_64
configure:13786: checking if the linker (/usr/bin/ld -m elf_x86_64) is GNU ld
configure:13801: result: yes
configure:13856: checking whether the g++ linker (/usr/bin/ld -m elf_x86_64) supports shared libraries
configure:14929: result: yes
configure:14965: g++ -c -g -O2  conftest.cpp >&5
configure:14968: $? = 0
configure:15449: checking for g++ option to produce PIC
configure:15456: result: -fPIC -DPIC
configure:15464: checking if g++ PIC flag -fPIC -DPIC works
configure:15482: g++ -c -g -O2  -fPIC -DPIC -DPIC conftest.cpp >&5
configure:15486: $? = 0
configure:15499: result: yes
configure:15522: checking if g++ static flag -static works
configure:15550: result: yes
configure:15562: checking if g++ supports -c -o file.o
configure:15583: g++ -c -g -O2  -o out/conftest2.o conftest.cpp >&5
configure:15587: $? = 0
configure:15609: result: yes
configure:15614: checking if g++ supports -c -o file.o
configure:15661: result: yes
configure:15691: checking whether the g++ linker (/usr/bin/ld -m elf_x86_64) supports shared libraries
configure:15734: result: yes
configure:15875: checking dynamic linker characteristics
configure:16632: result: GNU/Linux ld.so
configure:16697: checking how to hardcode library paths into programs
configure:16722: result: immediate
configure:16793: checking for stdlib.h
configure:16793: result: yes
configure:16918: checking that generated files are newer than configure
configure:16924: result: done
configure:16955: creating ./config.status

## ---------------------- ##
## Running config.status. ##
## ---------------------- ##

This file was extended by tic_tac_toe config.status 1.0, which was
generated by GNU Autoconf 2.69.  Invocation command line was

  CONFIG_FILES    = 
  CONFIG_HEADERS  = 
  CONFIG_LINKS    = 
  CONFIG_COMMANDS = 
  $ ./config.status 

on ubuntu

config.status:1151: creating Makefile
config.status:1151: creating src/Makefile
config.status:1151: creating src/tic_tac_toe/Makefile
config.status:1151: creating src/util/Makefile
config.status:1151: creating config.h
config.status:1332: config.h is unchanged
config.status:1380: executing depfiles commands
config.status:1380: executing libtool commands

## ---------------- ##
## Cache variables. ##
## ---------------- ##

ac_cv_build=x86_64-pc-linux-gnu
ac_cv_c_compiler_gnu=yes
ac_cv_cxx_compiler_gnu=yes
ac_cv_env_CCC_set=
ac_cv_env_CCC_value=
ac_cv_env_CC_set=
ac_cv_env_CC_value=
ac_cv_env_CFLAGS_set=
ac_cv_env_CFLAGS_value=
ac_cv_env_CPPFLAGS_set=
ac_cv_env_CPPFLAGS_value=
ac_cv_env_CPP_set=
ac_cv_env_CPP_value=
ac_cv_env_CXXCPP_set=
ac_cv_env_CXXCPP_value=
ac_cv_env_CXXFLAGS_set=
ac_cv_env_CXXFLAGS_value=
ac_cv_env_CXX_set=
ac_cv_env_CXX_value=
ac_cv_env_LDFLAGS_set=
ac_cv_env_LDFLAGS_value=
ac_cv_env_LIBS_set=
ac_cv_env_LIBS_value=
ac_cv_env_LT_SYS_LIBRARY_PATH_set=
ac_cv_env_LT_SYS_LIBRARY_PATH_value=
ac_cv_env_build_alias_set=
ac_cv_env_build_alias_value=
ac_cv_env_host_alias_set=
ac_cv_env_host_alias_value=
ac_cv_env_target_alias_set=
ac_cv_env_target_alias_value=
ac_cv_header_dlfcn_h=yes
ac_cv_header_inttypes_h=yes
ac_cv_header_memory_h=yes
ac_cv_header_stdc=yes
ac_cv_header_stdint_h=yes
ac_cv_header_stdlib_h=yes
ac_cv_header_string_h=yes
ac_cv_header_strings_h=yes
ac_cv_header_sys_stat_h=yes
ac_cv_header_sys_types_h=yes
ac_cv_header_unistd_h=yes
ac_cv_host=x86_64-pc-linux-gnu
ac_cv_objext=o
ac_cv_path_EGREP='/bin/grep -E'
ac_cv_path_FGREP='/bin/grep -F'
ac_cv_path_GREP=/bin/grep
ac_cv_path_SED=/bin/sed
ac_cv_path_install='/usr/bin/install -c'
ac_cv_path_lt_DD=/bin/dd
ac_cv_path_mkdir=/bin/mkdir
ac_cv_prog_AWK=mawk
ac_cv_prog_CPP='gcc -E'
ac_cv_prog_CXXCPP='g++ -E'
ac_cv_prog_ac_ct_AR=ar
ac_cv_prog_ac_ct_CC=gcc
ac_cv_prog_ac_ct_CXX=g++
ac_cv_prog_ac_ct_MANIFEST_TOOL=mt
ac_cv_prog_ac_ct_OBJDUMP=objdump
ac_cv_prog_ac_ct_RANLIB=ranlib
ac_cv_prog_ac_ct_STRIP=strip
ac_cv_prog_cc_c89=
ac_cv_prog_cc_g=yes
ac_cv_prog_cxx_g=yes
ac_cv_prog_make_make_set=yes
am_cv_CC_dependencies_compiler_type=gcc3
am_cv_CXX_dependencies_compiler_type=gcc3
am_cv_ar_interface=ar
am_cv_make_support_nested_variables=yes
am_cv_prog_cc_c_o=yes
lt_cv_ar_at_file=@
lt_cv_archive_cmds_need_lc=no
lt_cv_deplibs_check_method=pass_all
lt_cv_file_magic_cmd='$MAGIC_CMD'
lt_cv_file_magic_test_file=
lt_cv_ld_reload_flag=-r
lt_cv_nm_interface='BSD nm'
lt_cv_objdir=.libs
lt_cv_path_LD=/usr/bin/ld
lt_cv_path_LDCXX='/usr/bin/ld -m elf_x86_64'
lt_cv_path_NM='/usr/bin/nm -B'
lt_cv_path_mainfest_tool=no
lt_cv_prog_compiler_c_o=yes
lt_cv_prog_compiler_c_o_CXX=yes
lt_cv_prog_compiler_pic='-fPIC -DPIC'
lt_cv_prog_compiler_pic_CXX='-fPIC -DPIC'
lt_cv_prog_compiler_pic_works=yes
lt_cv_prog_compiler_pic_works_CXX=yes
lt_cv_prog_compiler_rtti_exceptions=no
lt_cv_prog_compiler_static_works=yes
lt_cv_prog_compiler_static_works_CXX=yes
lt_cv_prog_gnu_ld=yes
lt_cv_prog_gnu_ldcxx=yes
lt_cv_sharedlib_from_linklib_cmd='printf %s\n'
lt_cv_shlibpath_overrides_runpath=no
lt_cv_sys_global_symbol_pipe='sed -n -e '\''s/^.*[	 ]\([ABCDGIRSTW][ABCDGIRSTW]*\)[	 ][	 ]*\([_A-Za-z][_A-Za-z0-9]*\)$/\1 \2 \2/p'\'' | sed '\''/ __gnu_lto/d'\'''
lt_cv_sys_global_symbol_to_c_name_address='sed -n -e '\''s/^: \(.*\) .*$/  {"\1", (void *) 0},/p'\'' -e '\''s/^[ABCDGIRSTW][ABCDGIRSTW]* .* \(.*\)$/  {"\1", (void *) \&\1},/p'\'''
lt_cv_sys_global_symbol_to_c_name_address_lib_prefix='sed -n -e '\''s/^: \(.*\) .*$/  {"\1", (void *) 0},/p'\'' -e '\''s/^[ABCDGIRSTW][ABCDGIRSTW]* .* \(lib.*\)$/  {"\1", (void *) \&\1},/p'\'' -e '\''s/^[ABCDGIRSTW][ABCDGIRSTW]* .* \(.*\)$/  {"lib\1", (void *) \&\1},/p'\'''
lt_cv_sys_global_symbol_to_cdecl='sed -n -e '\''s/^T .* \(.*\)$/extern int \1();/p'\'' -e '\''s/^[ABCDGIRSTW][ABCDGIRSTW]* .* \(.*\)$/extern char \1;/p'\'''
lt_cv_sys_global_symbol_to_import=
lt_cv_sys_max_cmd_len=1572864
lt_cv_to_host_file_cmd=func_convert_file_noop
lt_cv_to_tool_file_cmd=func_convert_file_noop
lt_cv_truncate_bin='/bin/dd bs=4096 count=1'

## ----------------- ##
## Output variables. ##
## ----------------- ##

ACLOCAL='${SHELL} /home/shimosh/Desktop/project/final_project/project/missing aclocal-1.15'
AMDEPBACKSLASH='\'
AMDEP_FALSE='#'
AMDEP_TRUE=''
AMTAR='$${TAR-tar}'
AM_BACKSLASH='\'
AM_DEFAULT_V='$(AM_DEFAULT_VERBOSITY)'
AM_DEFAULT_VERBOSITY='1'
AM_V='$(V)'
AR='ar'
AUTOCONF='${SHELL} /home/shimosh/Desktop/project/final_project/project/missing autoconf'
AUTOHEADER='${SHELL} /home/shimosh/Desktop/project/final_project/project/missing autoheader'
AUTOMAKE='${SHELL} /home/shimosh/Desktop/project/final_project/project/missing automake-1.15'
AWK='mawk'
CC='gcc'
CCDEPMODE='depmode=gcc3'
CFLAGS='-g -O2'
CPP='gcc -E'
CPPFLAGS=''
CXX='g++'
CXXCPP='g++ -E'
CXXDEPMODE='depmode=gcc3'
CXXFLAGS='-g -O2'
CYGPATH_W='echo'
DEFS='-DHAVE_CONFIG_H'
DEPDIR='.deps'
DLLTOOL='false'
DSYMUTIL=''
DUMPBIN=''
ECHO_C=''
ECHO_N='-n'
ECHO_T=''
EGREP='/bin/grep -E'
EXEEXT=''
FGREP='/bin/grep -F'
GREP='/bin/grep'
INSTALL_DATA='${INSTALL} -m 644'
INSTALL_PROGRAM='${INSTALL}'
INSTALL_SCRIPT='${INSTALL}'
INSTALL_STRIP_PROGRAM='$(install_sh) -c -s'
LD='/usr/bin/ld -m elf_x86_64'
LDFLAGS=''
LIBOBJS=''
LIBS=''
LIBTOOL='$(SHELL) $(top_builddir)/libtool'
LIPO=''
LN_S='ln -s'
LTLIBOBJS=''
LT_SYS_LIBRARY_PATH=''
MAKEINFO='${SHELL} /home/shimosh/Desktop/project/final_project/project/missing makeinfo'
MANIFEST_TOOL=':'
MKDIR_P='/bin/mkdir -p'
NM='/usr/bin/nm -B'
NMEDIT=''
OBJDUMP='objdump'
OBJEXT='o'
OTOOL64=''
OTOOL=''
PACKAGE='tic_tac_toe'
PACKAGE_BUGREPORT='timorsa@ac.sce.ac.il'
PACKAGE_NAME='tic_tac_toe'
PACKAGE_STRING='tic_tac_toe 1.0'
PACKAGE_TARNAME='tic_tac_toe'
PACKAGE_URL=''
PACKAGE_VERSION='1.0'
PATH_SEPARATOR=':'
RANLIB='ranlib'
SED='/bin/sed'
SET_MAKE=''
SHELL='/bin/bash'
STRIP='strip'
VERSION='1.0'
ac_ct_AR='ar'
ac_ct_CC='gcc'
ac_ct_CXX='g++'
ac_ct_DUMPBIN=''
am__EXEEXT_FALSE=''
am__EXEEXT_TRUE='#'
am__fastdepCC_FALSE='#'
am__fastdepCC_TRUE=''
am__fastdepCXX_FALSE='#'
am__fastdepCXX_TRUE=''
am__include='include'
am__isrc=''
am__leading_dot='.'
am__nodep='_no'
am__quote=''
am__tar='$${TAR-tar} chof - "$$tardir"'
am__untar='$${TAR-tar} xf -'
bindir='${exec_prefix}/bin'
build='x86_64-pc-linux-gnu'
build_alias=''
build_cpu='x86_64'
build_os='linux-gnu'
build_vendor='pc'
datadir='${datarootdir}'
datarootdir='${prefix}/share'
docdir='${datarootdir}/doc/${PACKAGE_TARNAME}'
dvidir='${docdir}'
exec_prefix='${prefix}'
host='x86_64-pc-linux-gnu'
host_alias=''
host_cpu='x86_64'
host_os='linux-gnu'
host_vendor='pc'
htmldir='${docdir}'
includedir='${prefix}/include'
infodir='${datarootdir}/info'
install_sh='${SHELL} /home/shimosh/Desktop/project/final_project/project/install-sh'
libdir='${exec_prefix}/lib'
libexecdir='${exec_prefix}/libexec'
localedir='${datarootdir}/locale'
localstatedir='${prefix}/var'
mandir='${datarootdir}/man'
mkdir_p='$(MKDIR_P)'
oldincludedir='/usr/include'
pdfdir='${docdir}'
prefix='/home/shimosh/Desktop/project/final_project/project'
program_transform_name='s,x,x,'
psdir='${docdir}'
runstatedir='${localstatedir}/run'
sbindir='${exec_prefix}/sbin'
sharedstatedir='${prefix}/com'
sysconfdir='${prefix}/etc'
target_alias=''

## ----------- ##
## confdefs.h. ##
## ----------- ##

/* confdefs.h */
#define PACKAGE_NAME "tic_tac_toe"
#define PACKAGE_TARNAME "tic_tac_toe"
#define PACKAGE_VERSION "1.0"
#define PACKAGE_STRING "tic_tac_toe 1.0"
#define PACKAGE_BUGREPORT "timorsa@ac.sce.ac.il"
#define PACKAGE_URL ""
#define PACKAGE "tic_tac_toe"
#define VERSION "1.0"
#define STDC_HEADERS 1
#define HAVE_SYS_TYPES_H 1
#define HAVE_SYS_STAT_H 1
#define HAVE_STDLIB_H 1
#define HAVE_STRING_H 1
#define HAVE_MEMORY_H 1
#define HAVE_STRINGS_H 1
#define HAVE_INTTYPES_H 1
#define HAVE_STDINT_H 1
#define HAVE_UNISTD_H 1
#define HAVE_DLFCN_H 1
#define LT_OBJDIR ".libs/"
#define HAVE_STDLIB_H 1

configure: exit 0
